[30-Sep-2019 20:27:37 Europe/Rome] Enabled PHP logging
[30-Sep-2019 20:27:37 Europe/Rome] Enabled PHP logging
Logger:         	MadelineProto
Logger:         	Copyright (C) 2016-2019 Daniil Gentili
Logger:         	Licensed under AGPLv3
Logger:         	https://github.com/danog/MadelineProto
API:            	Waiting for shared lock of serialization lockfile...
API:            	Shared lock acquired, deserializing...
[30-Sep-2019 20:27:37 Europe/Rome] Enabled PHP logging
[30-Sep-2019 20:27:37 Europe/Rome] Enabled PHP logging
[30-Sep-2019 20:27:37 Europe/Rome] Enabled PHP logging
[30-Sep-2019 20:27:37 Europe/Rome] Enabled PHP logging
[30-Sep-2019 20:27:39 Europe/Rome] Enabled PHP logging
API:            	MadelineProto è pronto!
APIFactory:     	Didn't serialize in a while, doing that now...
Exception:      	file_get_contents(templates/admin.notification_send.html.tpl): failed to open stream: No such file or directory in template.php:152
Exception:      	\danog\MadelineProto\Exception: file_get_contents(templates/admin.notification_send.html.tpl): failed to open stream: No such file or directory in /var/www/poliradio.it/includes/template.php:152
Revision: d7306ab7135281d2303cc166784c44d96b427d33
TL Trace (YOU ABSOLUTELY MUST READ THE TEXT BELOW):
<br>
ExceptionErrorHandler(2,"file_get_contents(templates\/admin.notification_send.html.tpl): failed to open stream: No such file or directory","\/var\/www\/poliradio.it\/includes\/template.php",152,[])<br>
template.php(152):  	file_get_contents("templates\/admin.notification_send.html.tpl")<br>
template.php(140):  	loadSubTemplate()<br>
notifications.php(148):	loadTemplate({"active":"notifications","no_quota_count":"54","no_firma_count":"0","success":"Notifiche inviate a: <br>[U] Andrea Maioli"})
[30-Sep-2019 20:28:20 Europe/Rome] Enabled PHP logging
[30-Sep-2019 20:28:21 Europe/Rome] Enabled PHP logging
Logger:         	MadelineProto
Logger:         	Copyright (C) 2016-2019 Daniil Gentili
Logger:         	Licensed under AGPLv3
Logger:         	https://github.com/danog/MadelineProto
API:            	Waiting for shared lock of serialization lockfile...
API:            	Shared lock acquired, deserializing...
[30-Sep-2019 20:28:21 Europe/Rome] Enabled PHP logging
[30-Sep-2019 20:28:21 Europe/Rome] Enabled PHP logging
[30-Sep-2019 20:28:21 Europe/Rome] Enabled PHP logging
[30-Sep-2019 20:28:21 Europe/Rome] Enabled PHP logging
API:            	MadelineProto è pronto!
APIFactory:     	Didn't serialize in a while, doing that now...
Exception:      	file_get_contents(templates/admin.notification_send.html.tpl): failed to open stream: No such file or directory in template.php:152
Exception:      	\danog\MadelineProto\Exception: file_get_contents(templates/admin.notification_send.html.tpl): failed to open stream: No such file or directory in /var/www/poliradio.it/includes/template.php:152
Revision: d7306ab7135281d2303cc166784c44d96b427d33
TL Trace (YOU ABSOLUTELY MUST READ THE TEXT BELOW):
<br>
ExceptionErrorHandler(2,"file_get_contents(templates\/admin.notification_send.html.tpl): failed to open stream: No such file or directory","\/var\/www\/poliradio.it\/includes\/template.php",152,[])<br>
template.php(152):  	file_get_contents("templates\/admin.notification_send.html.tpl")<br>
template.php(140):  	loadSubTemplate()<br>
notifications.php(148):	loadTemplate({"active":"notifications","no_quota_count":"54","no_firma_count":"0","success":"Notifiche inviate a: <br>[U] Andrea Maioli"})
[30-Sep-2019 20:29:01 Europe/Rome] Enabled PHP logging
[30-Sep-2019 20:29:01 Europe/Rome] Enabled PHP logging
Logger:         	MadelineProto
Logger:         	Copyright (C) 2016-2019 Daniil Gentili
Logger:         	Licensed under AGPLv3
Logger:         	https://github.com/danog/MadelineProto
API:            	Waiting for shared lock of serialization lockfile...
API:            	Shared lock acquired, deserializing...
[30-Sep-2019 20:29:01 Europe/Rome] Enabled PHP logging
[30-Sep-2019 20:29:01 Europe/Rome] Enabled PHP logging
[30-Sep-2019 20:29:01 Europe/Rome] Enabled PHP logging
[30-Sep-2019 20:29:01 Europe/Rome] Enabled PHP logging
API:            	MadelineProto è pronto!
APIFactory:     	Didn't serialize in a while, doing that now...
Exception:      	file_get_contents(templates/admin.notification_send.html.tpl): failed to open stream: No such file or directory in template.php:152
Exception:      	\danog\MadelineProto\Exception: file_get_contents(templates/admin.notification_send.html.tpl): failed to open stream: No such file or directory in /var/www/poliradio.it/includes/template.php:152
Revision: d7306ab7135281d2303cc166784c44d96b427d33
TL Trace (YOU ABSOLUTELY MUST READ THE TEXT BELOW):
<br>
ExceptionErrorHandler(2,"file_get_contents(templates\/admin.notification_send.html.tpl): failed to open stream: No such file or directory","\/var\/www\/poliradio.it\/includes\/template.php",152,[])<br>
template.php(152):  	file_get_contents("templates\/admin.notification_send.html.tpl")<br>
template.php(140):  	loadSubTemplate()<br>
notifications.php(148):	loadTemplate({"active":"notifications","no_quota_count":"54","no_firma_count":"0","success":"Notifiche inviate a: <br>[U] Andrea Maioli"})
[30-Sep-2019 20:29:19 Europe/Rome] Enabled PHP logging
[30-Sep-2019 20:29:19 Europe/Rome] Enabled PHP logging
Logger:         	MadelineProto
Logger:         	Copyright (C) 2016-2019 Daniil Gentili
Logger:         	Licensed under AGPLv3
Logger:         	https://github.com/danog/MadelineProto
API:            	Waiting for shared lock of serialization lockfile...
API:            	Shared lock acquired, deserializing...
[30-Sep-2019 20:29:19 Europe/Rome] Enabled PHP logging
[30-Sep-2019 20:29:19 Europe/Rome] Enabled PHP logging
[30-Sep-2019 20:29:19 Europe/Rome] Enabled PHP logging
[30-Sep-2019 20:29:19 Europe/Rome] Enabled PHP logging
API:            	MadelineProto è pronto!
APIFactory:     	Didn't serialize in a while, doing that now...
Exception:      	file_get_contents(templates/admin.notification_send.html.tpl): failed to open stream: No such file or directory in template.php:152
Exception:      	\danog\MadelineProto\Exception: file_get_contents(templates/admin.notification_send.html.tpl): failed to open stream: No such file or directory in /var/www/poliradio.it/includes/template.php:152
Revision: d7306ab7135281d2303cc166784c44d96b427d33
TL Trace (YOU ABSOLUTELY MUST READ THE TEXT BELOW):
<br>
ExceptionErrorHandler(2,"file_get_contents(templates\/admin.notification_send.html.tpl): failed to open stream: No such file or directory","\/var\/www\/poliradio.it\/includes\/template.php",152,[])<br>
template.php(152):  	file_get_contents("templates\/admin.notification_send.html.tpl")<br>
template.php(140):  	loadSubTemplate()<br>
notifications.php(148):	loadTemplate({"active":"notifications","no_quota_count":"54","no_firma_count":"0","success":"Notifiche inviate a: <br>[U] Andrea Maioli"})
[30-Sep-2019 20:33:53 Europe/Rome] Enabled PHP logging
[30-Sep-2019 20:33:53 Europe/Rome] Enabled PHP logging
Logger:         	MadelineProto
Logger:         	Copyright (C) 2016-2019 Daniil Gentili
Logger:         	Licensed under AGPLv3
Logger:         	https://github.com/danog/MadelineProto
API:            	Waiting for shared lock of serialization lockfile...
API:            	Shared lock acquired, deserializing...
[30-Sep-2019 20:33:53 Europe/Rome] Enabled PHP logging
[30-Sep-2019 20:33:53 Europe/Rome] Enabled PHP logging
[30-Sep-2019 20:33:53 Europe/Rome] Enabled PHP logging
[30-Sep-2019 20:33:53 Europe/Rome] Enabled PHP logging
API:            	MadelineProto è pronto!
APIFactory:     	Didn't serialize in a while, doing that now...
[30-Sep-2019 20:34:44 Europe/Rome] Enabled PHP logging
[30-Sep-2019 20:34:44 Europe/Rome] Enabled PHP logging
Logger:         	MadelineProto
Logger:         	Copyright (C) 2016-2019 Daniil Gentili
Logger:         	Licensed under AGPLv3
Logger:         	https://github.com/danog/MadelineProto
API:            	Waiting for shared lock of serialization lockfile...
API:            	Shared lock acquired, deserializing...
[30-Sep-2019 20:34:44 Europe/Rome] Enabled PHP logging
[30-Sep-2019 20:34:44 Europe/Rome] Enabled PHP logging
[30-Sep-2019 20:34:44 Europe/Rome] Enabled PHP logging
[30-Sep-2019 20:34:44 Europe/Rome] Enabled PHP logging
API:            	MadelineProto è pronto!
APIFactory:     	Didn't serialize in a while, doing that now...
[30-Sep-2019 20:36:52 Europe/Rome] Enabled PHP logging
[30-Sep-2019 20:36:52 Europe/Rome] Enabled PHP logging
Logger:         	MadelineProto
Logger:         	Copyright (C) 2016-2019 Daniil Gentili
Logger:         	Licensed under AGPLv3
Logger:         	https://github.com/danog/MadelineProto
API:            	Waiting for shared lock of serialization lockfile...
API:            	Shared lock acquired, deserializing...
[30-Sep-2019 20:36:52 Europe/Rome] Enabled PHP logging
[30-Sep-2019 20:36:52 Europe/Rome] Enabled PHP logging
[30-Sep-2019 20:36:52 Europe/Rome] Enabled PHP logging
[30-Sep-2019 20:36:52 Europe/Rome] Enabled PHP logging
API:            	MadelineProto è pronto!
APIFactory:     	Didn't serialize in a while, doing that now...
[30-Sep-2019 20:36:52 Europe/Rome] Enabled PHP logging
Exception:      	file_get_contents(templates/admin.notification_send.html.tpl): failed to open stream: No such file or directory in template.php:152
Exception:      	\danog\MadelineProto\Exception: file_get_contents(templates/admin.notification_send.html.tpl): failed to open stream: No such file or directory in /var/www/poliradio.it/includes/template.php:152
Revision: d7306ab7135281d2303cc166784c44d96b427d33
TL Trace (YOU ABSOLUTELY MUST READ THE TEXT BELOW):
<br>
ExceptionErrorHandler(2,"file_get_contents(templates\/admin.notification_send.html.tpl): failed to open stream: No such file or directory","\/var\/www\/poliradio.it\/includes\/template.php",152,[])<br>
template.php(152):  	file_get_contents("templates\/admin.notification_send.html.tpl")<br>
template.php(140):  	loadSubTemplate()<br>
notifications.php(148):	loadTemplate({"active":"notifications","no_quota_count":"54","no_firma_count":"0","success":"Notifiche inviate a: <br>[U] Andrea Maioli"})
[30-Sep-2019 20:37:58 Europe/Rome] Enabled PHP logging
[30-Sep-2019 20:37:59 Europe/Rome] Enabled PHP logging
Logger:         	MadelineProto
Logger:         	Copyright (C) 2016-2019 Daniil Gentili
Logger:         	Licensed under AGPLv3
Logger:         	https://github.com/danog/MadelineProto
API:            	Waiting for shared lock of serialization lockfile...
API:            	Shared lock acquired, deserializing...
[30-Sep-2019 20:37:59 Europe/Rome] Enabled PHP logging
[30-Sep-2019 20:37:59 Europe/Rome] Enabled PHP logging
[30-Sep-2019 20:37:59 Europe/Rome] Enabled PHP logging
[30-Sep-2019 20:37:59 Europe/Rome] Enabled PHP logging
API:            	MadelineProto è pronto!
APIFactory:     	Didn't serialize in a while, doing that now...
[30-Sep-2019 20:37:59 Europe/Rome] Enabled PHP logging
[30-Sep-2019 20:38:06 Europe/Rome] Enabled PHP logging
[30-Sep-2019 20:38:06 Europe/Rome] Enabled PHP logging
Logger:         	MadelineProto
Logger:         	Copyright (C) 2016-2019 Daniil Gentili
Logger:         	Licensed under AGPLv3
Logger:         	https://github.com/danog/MadelineProto
API:            	Waiting for shared lock of serialization lockfile...
API:            	Shared lock acquired, deserializing...
[30-Sep-2019 20:38:06 Europe/Rome] Enabled PHP logging
[30-Sep-2019 20:38:06 Europe/Rome] Enabled PHP logging
[30-Sep-2019 20:38:06 Europe/Rome] Enabled PHP logging
[30-Sep-2019 20:38:07 Europe/Rome] Enabled PHP logging
API:            	MadelineProto è pronto!
APIFactory:     	Didn't serialize in a while, doing that now...
[30-Sep-2019 20:38:07 Europe/Rome] Enabled PHP logging
[30-Sep-2019 20:40:11 Europe/Rome] Enabled PHP logging
[30-Sep-2019 20:40:11 Europe/Rome] Enabled PHP logging
Logger:         	MadelineProto
Logger:         	Copyright (C) 2016-2019 Daniil Gentili
Logger:         	Licensed under AGPLv3
Logger:         	https://github.com/danog/MadelineProto
API:            	Waiting for shared lock of serialization lockfile...
API:            	Shared lock acquired, deserializing...
[30-Sep-2019 20:40:11 Europe/Rome] Enabled PHP logging
[30-Sep-2019 20:40:11 Europe/Rome] Enabled PHP logging
[30-Sep-2019 20:40:11 Europe/Rome] Enabled PHP logging
[30-Sep-2019 20:40:11 Europe/Rome] Enabled PHP logging
API:            	MadelineProto è pronto!
APIFactory:     	Didn't serialize in a while, doing that now...
[30-Sep-2019 20:40:11 Europe/Rome] Enabled PHP logging
[30-Sep-2019 20:43:26 Europe/Rome] Enabled PHP logging
[30-Sep-2019 20:43:26 Europe/Rome] Enabled PHP logging
Logger:         	MadelineProto
Logger:         	Copyright (C) 2016-2019 Daniil Gentili
Logger:         	Licensed under AGPLv3
Logger:         	https://github.com/danog/MadelineProto
API:            	Waiting for shared lock of serialization lockfile...
API:            	Shared lock acquired, deserializing...
[30-Sep-2019 20:43:26 Europe/Rome] Enabled PHP logging
[30-Sep-2019 20:43:26 Europe/Rome] Enabled PHP logging
[30-Sep-2019 20:43:26 Europe/Rome] Enabled PHP logging
[30-Sep-2019 20:43:27 Europe/Rome] Enabled PHP logging
API:            	MadelineProto è pronto!
APIFactory:     	Didn't serialize in a while, doing that now...
[30-Sep-2019 20:43:27 Europe/Rome] Enabled PHP logging
[30-Sep-2019 20:59:41 Europe/Rome] Enabled PHP logging
[30-Sep-2019 20:59:41 Europe/Rome] Enabled PHP logging
Logger:         	MadelineProto
Logger:         	Copyright (C) 2016-2019 Daniil Gentili
Logger:         	Licensed under AGPLv3
Logger:         	https://github.com/danog/MadelineProto
API:            	Waiting for shared lock of serialization lockfile...
API:            	Shared lock acquired, deserializing...
[30-Sep-2019 20:59:41 Europe/Rome] Enabled PHP logging
[30-Sep-2019 20:59:41 Europe/Rome] Enabled PHP logging
[30-Sep-2019 20:59:41 Europe/Rome] Enabled PHP logging
[30-Sep-2019 20:59:41 Europe/Rome] Enabled PHP logging
API:            	MadelineProto è pronto!
APIFactory:     	Didn't serialize in a while, doing that now...
[30-Sep-2019 20:59:41 Europe/Rome] Enabled PHP logging
[30-Sep-2019 21:01:56 Europe/Rome] Enabled PHP logging
[30-Sep-2019 21:01:56 Europe/Rome] Enabled PHP logging
Logger:         	MadelineProto
Logger:         	Copyright (C) 2016-2019 Daniil Gentili
Logger:         	Licensed under AGPLv3
Logger:         	https://github.com/danog/MadelineProto
API:            	Waiting for shared lock of serialization lockfile...
API:            	Shared lock acquired, deserializing...
[30-Sep-2019 21:01:56 Europe/Rome] Enabled PHP logging
[30-Sep-2019 21:01:56 Europe/Rome] Enabled PHP logging
[30-Sep-2019 21:01:56 Europe/Rome] Enabled PHP logging
[30-Sep-2019 21:01:56 Europe/Rome] Enabled PHP logging
API:            	MadelineProto è pronto!
APIFactory:     	Didn't serialize in a while, doing that now...
[30-Sep-2019 21:01:56 Europe/Rome] Enabled PHP logging
Exception:      	This peer is not present in the internal peer database in PeerHandler.php:519
Exception:      	\danog\MadelineProto\Exception: This peer is not present in the internal peer database in phar:///var/www/poliradio.it/admin/madeline.phar/vendor/danog/madelineproto/src/danog/MadelineProto/MTProtoTools/PeerHandler.php:519
Revision: d7306ab7135281d2303cc166784c44d96b427d33
TL Trace (YOU ABSOLUTELY MUST READ THE TEXT BELOW):
<br>
get_info_async("iac97",false)<br>
Coroutine.php(73):  	current()<br>
Coroutine.php(152): 	__construct({})<br>
Placeholder.php(111):	danog\MadelineProto\{closure}(null,false)<br>
Coroutine.php(137): 	resolve(false)<br>
Failure.php(26):    	danog\MadelineProto\{closure}({"tl_trace":"['contacts.resolveUsername']<br>\nResponseHandler.php(85):\thandle_response()<br>\npolyfill.php(6):    \thandle_messages(\"fx\",null)<br>\nDriver.php(99):     \tcallMe()<br>\nDriver.php(61):     \ttick()<br>\nLoop.php(58):       \trun()<br>\nTools.php(195):     \trun({})<br>\nAPIFactory.php(140):\twait({})<br>\nInternalDoc.php(4724):\t__call(\"loop\",[{},[]])<br>\ntelegram.php(26):   \tloop({})<br>\nuseractions.class.php(1228):\tsend_telegram_message(\"Iac97\",\"POLI.STEFANO\",\"Buongiornissimo Kaffe?\")<br>\nnotifications.php(135):\tsendTelegramNotifications(\"POLI.STEFANO\",\"Buongiornissimo Kaffe?\",[{\"id\":\"130\",\"type\":\"0\"}])","rpc":"USERNAME_NOT_OCCUPIED"},null)<br>
Placeholder.php(107):	onResolve({})<br>
Placeholder.php(138):	resolve({})<br>
Deferred.php(44):   	fail({"tl_trace":"['contacts.resolveUsername']<br>\nResponseHandler.php(85):\thandle_response()<br>\npolyfill.php(6):    \thandle_messages(\"fx\",null)<br>\nDriver.php(99):     \tcallMe()<br>\nDriver.php(61):     \ttick()<br>\nLoop.php(58):       \trun()<br>\nTools.php(195):     \trun({})<br>\nAPIFactory.php(140):\twait({})<br>\nInternalDoc.php(4724):\t__call(\"loop\",[{},[]])<br>\ntelegram.php(26):   \tloop({})<br>\nuseractions.class.php(1228):\tsend_telegram_message(\"Iac97\",\"POLI.STEFANO\",\"Buongiornissimo Kaffe?\")<br>\nnotifications.php(135):\tsendTelegramNotifications(\"POLI.STEFANO\",\"Buongiornissimo Kaffe?\",[{\"id\":\"130\",\"type\":\"0\"}])","rpc":"USERNAME_NOT_OCCUPIED"})<br>
ResponseHandler.php(290):	fail({"tl_trace":"['contacts.resolveUsername']<br>\nResponseHandler.php(85):\thandle_response()<br>\npolyfill.php(6):    \thandle_messages(\"fx\",null)<br>\nDriver.php(99):     \tcallMe()<br>\nDriver.php(61):     \ttick()<br>\nLoop.php(58):       \trun()<br>\nTools.php(195):     \trun({})<br>\nAPIFactory.php(140):\twait({})<br>\nInternalDoc.php(4724):\t__call(\"loop\",[{},[]])<br>\ntelegram.php(26):   \tloop({})<br>\nuseractions.class.php(1228):\tsend_telegram_message(\"Iac97\",\"POLI.STEFANO\",\"Buongiornissimo Kaffe?\")<br>\nnotifications.php(135):\tsendTelegramNotifications(\"POLI.STEFANO\",\"Buongiornissimo Kaffe?\",[{\"id\":\"130\",\"type\":\"0\"}])","rpc":"USERNAME_NOT_OCCUPIED"})<br>
polyfill.php(6):    	danog\MadelineProto\MTProtoSession\{closure}("fy",null)<br>
Driver.php(99):     	callMe({},"fy",null)<br>
Driver.php(61):     	tick()<br>
Loop.php(58):       	run()<br>
Tools.php(195):     	run({})<br>
APIFactory.php(140):	wait({})<br>
InternalDoc.php(4724):	__call("loop",[{},[]])<br>
telegram.php(26):   	loop({})<br>
useractions.class.php(1228):	send_telegram_message("Iac97","POLI.STEFANO","Buongiornissimo Kaffe?")<br>
notifications.php(135):	sendTelegramNotifications("POLI.STEFANO","Buongiornissimo Kaffe?",[{"id":"130","type":"0"}])
[01-Oct-2019 19:09:44 Europe/Rome] Enabled PHP logging
[01-Oct-2019 19:09:45 Europe/Rome] Enabled PHP logging
Logger:         	MadelineProto
Logger:         	Copyright (C) 2016-2019 Daniil Gentili
Logger:         	Licensed under AGPLv3
Logger:         	https://github.com/danog/MadelineProto
API:            	Waiting for shared lock of serialization lockfile...
API:            	Shared lock acquired, deserializing...
[01-Oct-2019 19:09:45 Europe/Rome] Enabled PHP logging
[01-Oct-2019 19:09:45 Europe/Rome] Enabled PHP logging
[01-Oct-2019 19:09:45 Europe/Rome] Enabled PHP logging
[01-Oct-2019 19:09:45 Europe/Rome] Enabled PHP logging
API:            	MadelineProto è pronto!
APIFactory:     	Didn't serialize in a while, doing that now...
[01-Oct-2019 19:09:45 Europe/Rome] Enabled PHP logging
[01-Oct-2019 19:10:41 Europe/Rome] Enabled PHP logging
[01-Oct-2019 19:10:42 Europe/Rome] Enabled PHP logging
Logger:         	MadelineProto
Logger:         	Copyright (C) 2016-2019 Daniil Gentili
Logger:         	Licensed under AGPLv3
Logger:         	https://github.com/danog/MadelineProto
API:            	Waiting for shared lock of serialization lockfile...
API:            	Shared lock acquired, deserializing...
[01-Oct-2019 19:10:42 Europe/Rome] Enabled PHP logging
[01-Oct-2019 19:10:42 Europe/Rome] Enabled PHP logging
[01-Oct-2019 19:10:42 Europe/Rome] Enabled PHP logging
[01-Oct-2019 19:10:42 Europe/Rome] Enabled PHP logging
API:            	MadelineProto è pronto!
APIFactory:     	Didn't serialize in a while, doing that now...
[01-Oct-2019 19:10:42 Europe/Rome] Enabled PHP logging
[01-Oct-2019 19:11:02 Europe/Rome] Enabled PHP logging
[01-Oct-2019 19:11:02 Europe/Rome] Enabled PHP logging
Logger:         	MadelineProto
Logger:         	Copyright (C) 2016-2019 Daniil Gentili
Logger:         	Licensed under AGPLv3
Logger:         	https://github.com/danog/MadelineProto
API:            	Waiting for shared lock of serialization lockfile...
API:            	Shared lock acquired, deserializing...
[01-Oct-2019 19:11:02 Europe/Rome] Enabled PHP logging
[01-Oct-2019 19:11:02 Europe/Rome] Enabled PHP logging
[01-Oct-2019 19:11:02 Europe/Rome] Enabled PHP logging
[01-Oct-2019 19:11:03 Europe/Rome] Enabled PHP logging
API:            	MadelineProto è pronto!
APIFactory:     	Didn't serialize in a while, doing that now...
[01-Oct-2019 19:11:03 Europe/Rome] Enabled PHP logging
[02-Oct-2019 16:51:01 Europe/Rome] Enabled PHP logging
[02-Oct-2019 16:51:01 Europe/Rome] Enabled PHP logging
Logger:         	MadelineProto
Logger:         	Copyright (C) 2016-2019 Daniil Gentili
Logger:         	Licensed under AGPLv3
Logger:         	https://github.com/danog/MadelineProto
API:            	Waiting for shared lock of serialization lockfile...
API:            	Shared lock acquired, deserializing...
[02-Oct-2019 16:51:01 Europe/Rome] Enabled PHP logging
[02-Oct-2019 16:51:01 Europe/Rome] Enabled PHP logging
[02-Oct-2019 16:51:01 Europe/Rome] Enabled PHP logging
[02-Oct-2019 16:51:01 Europe/Rome] Enabled PHP logging
API:            	MadelineProto è pronto!
APIFactory:     	Didn't serialize in a while, doing that now...
[02-Oct-2019 16:51:02 Europe/Rome] Enabled PHP logging
[08-Oct-2019 16:27:38 Europe/Rome] Enabled PHP logging
[08-Oct-2019 16:27:39 Europe/Rome] Enabled PHP logging
Logger:         	MadelineProto
Logger:         	Copyright (C) 2016-2019 Daniil Gentili
Logger:         	Licensed under AGPLv3
Logger:         	https://github.com/danog/MadelineProto
API:            	Waiting for shared lock of serialization lockfile...
API:            	Shared lock acquired, deserializing...
[08-Oct-2019 16:27:39 Europe/Rome] Enabled PHP logging
[08-Oct-2019 16:27:39 Europe/Rome] Enabled PHP logging
[08-Oct-2019 16:27:39 Europe/Rome] Enabled PHP logging
[08-Oct-2019 16:27:39 Europe/Rome] Enabled PHP logging
API:            	MadelineProto è pronto!
APIFactory:     	Didn't serialize in a while, doing that now...
[08-Oct-2019 16:27:39 Europe/Rome] Enabled PHP logging
[10-Oct-2019 18:15:51 Europe/Rome] Enabled PHP logging
[10-Oct-2019 18:15:51 Europe/Rome] Enabled PHP logging
Logger:         	MadelineProto
Logger:         	Copyright (C) 2016-2019 Daniil Gentili
Logger:         	Licensed under AGPLv3
Logger:         	https://github.com/danog/MadelineProto
API:            	Waiting for shared lock of serialization lockfile...
API:            	Shared lock acquired, deserializing...
[10-Oct-2019 18:15:51 Europe/Rome] Enabled PHP logging
[10-Oct-2019 18:15:51 Europe/Rome] Enabled PHP logging
[10-Oct-2019 18:15:51 Europe/Rome] Enabled PHP logging
[10-Oct-2019 18:15:51 Europe/Rome] Enabled PHP logging
API:            	MadelineProto è pronto!
APIFactory:     	Didn't serialize in a while, doing that now...
[10-Oct-2019 18:15:51 Europe/Rome] Enabled PHP logging
[10-Oct-2019 19:21:02 Europe/Rome] Enabled PHP logging
[10-Oct-2019 19:21:02 Europe/Rome] Enabled PHP logging
Logger:         	MadelineProto
Logger:         	Copyright (C) 2016-2019 Daniil Gentili
Logger:         	Licensed under AGPLv3
Logger:         	https://github.com/danog/MadelineProto
API:            	Waiting for shared lock of serialization lockfile...
API:            	Shared lock acquired, deserializing...
[10-Oct-2019 19:21:02 Europe/Rome] Enabled PHP logging
[10-Oct-2019 19:21:02 Europe/Rome] Enabled PHP logging
[10-Oct-2019 19:21:02 Europe/Rome] Enabled PHP logging
[10-Oct-2019 19:21:02 Europe/Rome] Enabled PHP logging
API:            	MadelineProto è pronto!
APIFactory:     	Didn't serialize in a while, doing that now...
[10-Oct-2019 19:21:02 Europe/Rome] Enabled PHP logging
[14-Oct-2019 17:47:06 Europe/Rome] Enabled PHP logging
[14-Oct-2019 17:47:06 Europe/Rome] Enabled PHP logging
Logger:         	MadelineProto
Logger:         	Copyright (C) 2016-2019 Daniil Gentili
Logger:         	Licensed under AGPLv3
Logger:         	https://github.com/danog/MadelineProto
API:            	Waiting for shared lock of serialization lockfile...
API:            	Shared lock acquired, deserializing...
[14-Oct-2019 17:47:06 Europe/Rome] Enabled PHP logging
[14-Oct-2019 17:47:06 Europe/Rome] Enabled PHP logging
[14-Oct-2019 17:47:06 Europe/Rome] Enabled PHP logging
[14-Oct-2019 17:47:06 Europe/Rome] Enabled PHP logging
API:            	MadelineProto è pronto!
APIFactory:     	Didn't serialize in a while, doing that now...
[14-Oct-2019 17:47:06 Europe/Rome] Enabled PHP logging
[21-Feb-2020 15:53:12 Europe/Rome] Enabled PHP logging
[21-Feb-2020 15:53:12 Europe/Rome] Enabled PHP logging
Logger:         	MadelineProto
Logger:         	Copyright (C) 2016-2019 Daniil Gentili
Logger:         	Licensed under AGPLv3
Logger:         	https://github.com/danog/MadelineProto
API:            	Waiting for shared lock of serialization lockfile...
API:            	Shared lock acquired, deserializing...
[21-Feb-2020 15:53:12 Europe/Rome] Enabled PHP logging
[21-Feb-2020 15:53:12 Europe/Rome] Enabled PHP logging
[21-Feb-2020 15:53:12 Europe/Rome] Enabled PHP logging
[21-Feb-2020 15:53:13 Europe/Rome] Enabled PHP logging
API:            	MadelineProto è pronto!
APIFactory:     	Didn't serialize in a while, doing that now...
[21-Feb-2020 15:53:13 Europe/Rome] Enabled PHP logging
[20-Apr-2020 00:16:10 Europe/Rome] Enabled PHP logging
[20-Apr-2020 00:16:10 Europe/Rome] Enabled PHP logging
Logger:         	MadelineProto
Logger:         	Copyright (C) 2016-2019 Daniil Gentili
Logger:         	Licensed under AGPLv3
Logger:         	https://github.com/danog/MadelineProto
API:            	Waiting for shared lock of serialization lockfile...
API:            	Shared lock acquired, deserializing...
[20-Apr-2020 00:16:10 Europe/Rome] Enabled PHP logging
[20-Apr-2020 00:16:10 Europe/Rome] Enabled PHP logging
[20-Apr-2020 00:16:10 Europe/Rome] Enabled PHP logging
[20-Apr-2020 00:16:11 Europe/Rome] Enabled PHP logging
API:            	MadelineProto è pronto!
APIFactory:     	Didn't serialize in a while, doing that now...
[20-Apr-2020 00:16:11 Europe/Rome] Enabled PHP logging
[16-May-2020 01:53:38 Europe/Rome] Enabled PHP logging
[16-May-2020 01:53:38 Europe/Rome] Enabled PHP logging
Logger:         	MadelineProto
Logger:         	Copyright (C) 2016-2019 Daniil Gentili
Logger:         	Licensed under AGPLv3
Logger:         	https://github.com/danog/MadelineProto
API:            	Waiting for shared lock of serialization lockfile...
API:            	Shared lock acquired, deserializing...
[16-May-2020 01:53:38 Europe/Rome] Enabled PHP logging
[16-May-2020 01:53:38 Europe/Rome] Enabled PHP logging
[16-May-2020 01:53:38 Europe/Rome] Enabled PHP logging
[16-May-2020 01:53:38 Europe/Rome] Enabled PHP logging
API:            	MadelineProto è pronto!
APIFactory:     	Didn't serialize in a while, doing that now...
[16-May-2020 01:53:38 Europe/Rome] Enabled PHP logging
[16-May-2020 02:01:32 Europe/Rome] Enabled PHP logging
[16-May-2020 02:01:32 Europe/Rome] Enabled PHP logging
Logger:         	MadelineProto
Logger:         	Copyright (C) 2016-2019 Daniil Gentili
Logger:         	Licensed under AGPLv3
Logger:         	https://github.com/danog/MadelineProto
API:            	Waiting for shared lock of serialization lockfile...
API:            	Shared lock acquired, deserializing...
[16-May-2020 02:01:33 Europe/Rome] Enabled PHP logging
[16-May-2020 02:01:33 Europe/Rome] Enabled PHP logging
[16-May-2020 02:01:33 Europe/Rome] Enabled PHP logging
[16-May-2020 02:01:33 Europe/Rome] Enabled PHP logging
API:            	MadelineProto è pronto!
APIFactory:     	Didn't serialize in a while, doing that now...
[16-May-2020 02:01:33 Europe/Rome] Enabled PHP logging
[16-May-2020 02:01:40 Europe/Rome] Enabled PHP logging
[16-May-2020 02:01:40 Europe/Rome] Enabled PHP logging
Logger:         	MadelineProto
Logger:         	Copyright (C) 2016-2019 Daniil Gentili
Logger:         	Licensed under AGPLv3
Logger:         	https://github.com/danog/MadelineProto
API:            	Waiting for shared lock of serialization lockfile...
API:            	Shared lock acquired, deserializing...
[16-May-2020 02:01:40 Europe/Rome] Enabled PHP logging
[16-May-2020 02:01:40 Europe/Rome] Enabled PHP logging
[16-May-2020 02:01:40 Europe/Rome] Enabled PHP logging
[16-May-2020 02:01:41 Europe/Rome] Enabled PHP logging
API:            	MadelineProto è pronto!
APIFactory:     	Didn't serialize in a while, doing that now...
[16-May-2020 02:01:41 Europe/Rome] Enabled PHP logging
[16-May-2020 02:03:57 Europe/Rome] Enabled PHP logging
[16-May-2020 02:03:57 Europe/Rome] Enabled PHP logging
Logger:         	MadelineProto
Logger:         	Copyright (C) 2016-2019 Daniil Gentili
Logger:         	Licensed under AGPLv3
Logger:         	https://github.com/danog/MadelineProto
API:            	Waiting for shared lock of serialization lockfile...
API:            	Shared lock acquired, deserializing...
[16-May-2020 02:03:57 Europe/Rome] Enabled PHP logging
[16-May-2020 02:03:57 Europe/Rome] Enabled PHP logging
[16-May-2020 02:03:57 Europe/Rome] Enabled PHP logging
[18-May-2020 10:17:13 Europe/Rome] PHP Fatal error:  Maximum execution time of 30 seconds exceeded in phar:///var/www/poliradio.it/admin/madeline.phar/vendor/amphp/amp/lib/Loop/Internal/TimerQueue.php on line 56
[18-May-2020 11:01:41 Europe/Rome] PHP Fatal error:  Maximum execution time of 30 seconds exceeded in phar:///var/www/poliradio.it/admin/madeline.phar/vendor/danog/madelineproto/src/danog/MadelineProto/Loop/Generic/PeriodicLoop.php on line 58
[18-May-2020 11:01:44 Europe/Rome] Enabled PHP logging
[18-May-2020 11:01:44 Europe/Rome] Enabled PHP logging
Logger:         	MadelineProto
Logger:         	Copyright (C) 2016-2019 Daniil Gentili
Logger:         	Licensed under AGPLv3
Logger:         	https://github.com/danog/MadelineProto
API:            	Waiting for shared lock of serialization lockfile...
API:            	Shared lock acquired, deserializing...
[18-May-2020 11:01:44 Europe/Rome] Enabled PHP logging
[18-May-2020 11:01:44 Europe/Rome] Enabled PHP logging
[18-May-2020 11:01:44 Europe/Rome] Enabled PHP logging
[18-May-2020 11:18:50 Europe/Rome] Enabled PHP logging
[18-May-2020 11:18:50 Europe/Rome] Enabled PHP logging
Logger:         	MadelineProto
Logger:         	Copyright (C) 2016-2019 Daniil Gentili
Logger:         	Licensed under AGPLv3
Logger:         	https://github.com/danog/MadelineProto
API:            	Waiting for shared lock of serialization lockfile...
API:            	Shared lock acquired, deserializing...
[18-May-2020 11:18:50 Europe/Rome] Enabled PHP logging
[18-May-2020 11:18:50 Europe/Rome] Enabled PHP logging
[18-May-2020 11:18:50 Europe/Rome] Enabled PHP logging
[18-May-2020 11:18:51 Europe/Rome] Enabled PHP logging
API:            	MadelineProto è pronto!
APIFactory:     	Didn't serialize in a while, doing that now...
[18-May-2020 11:18:51 Europe/Rome] Enabled PHP logging
[18-May-2020 16:25:41 Europe/Rome] PHP Fatal error:  Maximum execution time of 30 seconds exceeded in phar:///var/www/poliradio.it/admin/madeline.phar/vendor/amphp/amp/lib/Internal/Placeholder.php on line 74
[20-May-2020 18:38:25 Europe/Rome] PHP Fatal error:  Maximum execution time of 30 seconds exceeded in phar:///var/www/poliradio.it/admin/madeline.phar/vendor/amphp/amp/lib/Loop/Internal/TimerQueue.php on line 19
[20-May-2020 23:11:44 Europe/Rome] PHP Fatal error:  Maximum execution time of 30 seconds exceeded in phar:///var/www/poliradio.it/admin/madeline.phar/vendor/amphp/dns/lib/Rfc1035StubResolver.php on line 52
[28-May-2020 22:24:30 Europe/Rome] Enabled PHP logging
[28-May-2020 22:24:30 Europe/Rome] Enabled PHP logging
Logger:         	MadelineProto
Logger:         	Copyright (C) 2016-2019 Daniil Gentili
Logger:         	Licensed under AGPLv3
Logger:         	https://github.com/danog/MadelineProto
API:            	Waiting for shared lock of serialization lockfile...
API:            	Shared lock acquired, deserializing...
[28-May-2020 22:24:30 Europe/Rome] Enabled PHP logging
[28-May-2020 22:24:30 Europe/Rome] Enabled PHP logging
[28-May-2020 22:24:30 Europe/Rome] Enabled PHP logging
[22-Jun-2020 07:52:29 Europe/Rome] PHP Fatal error:  Maximum execution time of 300 seconds exceeded in phar:///var/www/poliradio.it/admin/madeline.phar/vendor/amphp/amp/lib/Loop/NativeDriver.php on line 79
[23-Oct-2020 14:23:39 Europe/Rome] Enabled PHP logging
[23-Oct-2020 14:23:39 Europe/Rome] Enabled PHP logging
Logger:         	MadelineProto
Logger:         	Copyright (C) 2016-2019 Daniil Gentili
Logger:         	Licensed under AGPLv3
Logger:         	https://github.com/danog/MadelineProto
API:            	Waiting for shared lock of serialization lockfile...
API:            	Shared lock acquired, deserializing...
[23-Oct-2020 14:23:39 Europe/Rome] Enabled PHP logging
[23-Oct-2020 14:23:39 Europe/Rome] Enabled PHP logging
[23-Oct-2020 14:23:39 Europe/Rome] Enabled PHP logging
[23-Oct-2020 14:23:39 Europe/Rome] Enabled PHP logging
API:            	MadelineProto è pronto!
APIFactory:     	Didn't serialize in a while, doing that now...
[23-Oct-2020 14:23:39 Europe/Rome] Enabled PHP logging
[02-Nov-2020 22:56:00 Europe/Rome] Enabled PHP logging
[02-Nov-2020 22:56:00 Europe/Rome] Enabled PHP logging
Logger:         	MadelineProto
Logger:         	Copyright (C) 2016-2019 Daniil Gentili
Logger:         	Licensed under AGPLv3
Logger:         	https://github.com/danog/MadelineProto
API:            	Waiting for shared lock of serialization lockfile...
API:            	Shared lock acquired, deserializing...
[02-Nov-2020 22:56:00 Europe/Rome] Enabled PHP logging
[02-Nov-2020 22:56:00 Europe/Rome] Enabled PHP logging
[02-Nov-2020 22:56:00 Europe/Rome] Enabled PHP logging
[02-Nov-2020 22:56:00 Europe/Rome] Enabled PHP logging
API:            	MadelineProto è pronto!
APIFactory:     	Didn't serialize in a while, doing that now...
[02-Nov-2020 22:56:00 Europe/Rome] Enabled PHP logging
[03-Nov-2020 00:13:48 Europe/Rome] Enabled PHP logging
[03-Nov-2020 00:13:48 Europe/Rome] Enabled PHP logging
Logger:         	MadelineProto
Logger:         	Copyright (C) 2016-2019 Daniil Gentili
Logger:         	Licensed under AGPLv3
Logger:         	https://github.com/danog/MadelineProto
API:            	Waiting for shared lock of serialization lockfile...
API:            	Shared lock acquired, deserializing...
[03-Nov-2020 00:13:48 Europe/Rome] Enabled PHP logging
[03-Nov-2020 00:13:48 Europe/Rome] Enabled PHP logging
[03-Nov-2020 00:13:48 Europe/Rome] Enabled PHP logging
[03-Nov-2020 00:13:48 Europe/Rome] Enabled PHP logging
API:            	MadelineProto è pronto!
APIFactory:     	Didn't serialize in a while, doing that now...
[03-Nov-2020 00:13:48 Europe/Rome] Enabled PHP logging
[29-Nov-2020 21:39:48 Europe/Rome] Enabled PHP logging
[29-Nov-2020 21:39:48 Europe/Rome] Enabled PHP logging
Logger:         	MadelineProto
Logger:         	Copyright (C) 2016-2019 Daniil Gentili
Logger:         	Licensed under AGPLv3
Logger:         	https://github.com/danog/MadelineProto
API:            	Waiting for shared lock of serialization lockfile...
API:            	Shared lock acquired, deserializing...
[29-Nov-2020 21:39:48 Europe/Rome] Enabled PHP logging
[29-Nov-2020 21:39:48 Europe/Rome] Enabled PHP logging
[29-Nov-2020 21:39:48 Europe/Rome] Enabled PHP logging
[29-Nov-2020 21:39:48 Europe/Rome] Enabled PHP logging
API:            	MadelineProto è pronto!
APIFactory:     	Didn't serialize in a while, doing that now...
[29-Nov-2020 21:39:48 Europe/Rome] Enabled PHP logging
[02-Feb-2021 00:08:14 Europe/Rome] Enabled PHP logging
[02-Feb-2021 00:08:14 Europe/Rome] Enabled PHP logging
Logger:         	MadelineProto
Logger:         	Copyright (C) 2016-2019 Daniil Gentili
Logger:         	Licensed under AGPLv3
Logger:         	https://github.com/danog/MadelineProto
API:            	Waiting for shared lock of serialization lockfile...
API:            	Shared lock acquired, deserializing...
[02-Feb-2021 00:08:14 Europe/Rome] Enabled PHP logging
[02-Feb-2021 00:08:14 Europe/Rome] Enabled PHP logging
[02-Feb-2021 00:08:14 Europe/Rome] Enabled PHP logging
[02-Feb-2021 00:08:14 Europe/Rome] Enabled PHP logging
API:            	MadelineProto è pronto!
APIFactory:     	Didn't serialize in a while, doing that now...
[02-Feb-2021 00:08:14 Europe/Rome] Enabled PHP logging
[29-Jun-2021 18:26:05 Europe/Rome] Enabled PHP logging
[29-Jun-2021 18:26:05 Europe/Rome] Enabled PHP logging
Logger:         	MadelineProto
Logger:         	Copyright (C) 2016-2019 Daniil Gentili
Logger:         	Licensed under AGPLv3
Logger:         	https://github.com/danog/MadelineProto
API:            	Waiting for shared lock of serialization lockfile...
API:            	Shared lock acquired, deserializing...
[29-Jun-2021 18:26:05 Europe/Rome] Enabled PHP logging
[29-Jun-2021 18:26:05 Europe/Rome] Enabled PHP logging
[29-Jun-2021 18:26:05 Europe/Rome] Enabled PHP logging
[29-Jun-2021 18:26:05 Europe/Rome] Enabled PHP logging
[29-Jun-2021 18:26:06 Europe/Rome] Enabled PHP logging
API:            	MadelineProto è pronto!
APIFactory:     	Didn't serialize in a while, doing that now...
[29-Jun-2021 18:26:06 Europe/Rome] Enabled PHP logging
[04-Oct-2021 14:20:10 Europe/Rome] Enabled PHP logging
[04-Oct-2021 14:20:10 Europe/Rome] Enabled PHP logging
Logger:         	MadelineProto
Logger:         	Copyright (C) 2016-2019 Daniil Gentili
Logger:         	Licensed under AGPLv3
Logger:         	https://github.com/danog/MadelineProto
API:            	Waiting for shared lock of serialization lockfile...
API:            	Shared lock acquired, deserializing...
[04-Oct-2021 14:20:10 Europe/Rome] Enabled PHP logging
[04-Oct-2021 14:20:10 Europe/Rome] Enabled PHP logging
[04-Oct-2021 14:20:10 Europe/Rome] Enabled PHP logging
[04-Oct-2021 14:20:10 Europe/Rome] Enabled PHP logging
[04-Oct-2021 14:20:13 Europe/Rome] Enabled PHP logging
API:            	MadelineProto è pronto!
APIFactory:     	Didn't serialize in a while, doing that now...
[04-Oct-2021 14:20:13 Europe/Rome] Enabled PHP logging
[04-Oct-2021 14:20:17 Europe/Rome] Enabled PHP logging
[04-Oct-2021 14:20:17 Europe/Rome] Enabled PHP logging
Logger:         	MadelineProto
Logger:         	Copyright (C) 2016-2019 Daniil Gentili
Logger:         	Licensed under AGPLv3
Logger:         	https://github.com/danog/MadelineProto
API:            	Waiting for shared lock of serialization lockfile...
API:            	Shared lock acquired, deserializing...
[04-Oct-2021 14:20:17 Europe/Rome] Enabled PHP logging
[04-Oct-2021 14:20:17 Europe/Rome] Enabled PHP logging
[04-Oct-2021 14:20:17 Europe/Rome] Enabled PHP logging
[04-Oct-2021 14:20:18 Europe/Rome] Enabled PHP logging
API:            	MadelineProto è pronto!
APIFactory:     	Didn't serialize in a while, doing that now...
[04-Oct-2021 14:20:18 Europe/Rome] Enabled PHP logging
[04-Oct-2021 14:20:20 Europe/Rome] Enabled PHP logging
[04-Oct-2021 14:20:20 Europe/Rome] Enabled PHP logging
Logger:         	MadelineProto
Logger:         	Copyright (C) 2016-2019 Daniil Gentili
Logger:         	Licensed under AGPLv3
Logger:         	https://github.com/danog/MadelineProto
API:            	Waiting for shared lock of serialization lockfile...
API:            	Shared lock acquired, deserializing...
[04-Oct-2021 14:20:20 Europe/Rome] Enabled PHP logging
[04-Oct-2021 14:20:20 Europe/Rome] Enabled PHP logging
[04-Oct-2021 14:20:20 Europe/Rome] Enabled PHP logging
[04-Oct-2021 14:20:20 Europe/Rome] Enabled PHP logging
API:            	MadelineProto è pronto!
APIFactory:     	Didn't serialize in a while, doing that now...
[04-Oct-2021 14:20:20 Europe/Rome] Enabled PHP logging
[04-Oct-2021 14:21:07 Europe/Rome] Enabled PHP logging
[04-Oct-2021 14:21:07 Europe/Rome] Enabled PHP logging
Logger:         	MadelineProto
Logger:         	Copyright (C) 2016-2019 Daniil Gentili
Logger:         	Licensed under AGPLv3
Logger:         	https://github.com/danog/MadelineProto
API:            	Waiting for shared lock of serialization lockfile...
API:            	Shared lock acquired, deserializing...
[04-Oct-2021 14:21:07 Europe/Rome] Enabled PHP logging
[04-Oct-2021 14:21:07 Europe/Rome] Enabled PHP logging
[04-Oct-2021 14:21:07 Europe/Rome] Enabled PHP logging
[04-Oct-2021 14:21:08 Europe/Rome] Enabled PHP logging
API:            	MadelineProto è pronto!
APIFactory:     	Didn't serialize in a while, doing that now...
[04-Oct-2021 14:21:08 Europe/Rome] Enabled PHP logging
[04-Oct-2021 14:21:14 Europe/Rome] Enabled PHP logging
[04-Oct-2021 14:21:14 Europe/Rome] Enabled PHP logging
Logger:         	MadelineProto
Logger:         	Copyright (C) 2016-2019 Daniil Gentili
Logger:         	Licensed under AGPLv3
Logger:         	https://github.com/danog/MadelineProto
API:            	Waiting for shared lock of serialization lockfile...
API:            	Shared lock acquired, deserializing...
[04-Oct-2021 14:21:14 Europe/Rome] Enabled PHP logging
[04-Oct-2021 14:21:14 Europe/Rome] Enabled PHP logging
[04-Oct-2021 14:21:14 Europe/Rome] Enabled PHP logging
[04-Oct-2021 14:21:14 Europe/Rome] Enabled PHP logging
API:            	MadelineProto è pronto!
APIFactory:     	Didn't serialize in a while, doing that now...
[04-Oct-2021 14:21:14 Europe/Rome] Enabled PHP logging
[04-Oct-2021 14:27:32 Europe/Rome] Enabled PHP logging
[04-Oct-2021 14:27:32 Europe/Rome] Enabled PHP logging
Logger:         	MadelineProto
Logger:         	Copyright (C) 2016-2019 Daniil Gentili
Logger:         	Licensed under AGPLv3
Logger:         	https://github.com/danog/MadelineProto
API:            	Waiting for shared lock of serialization lockfile...
API:            	Shared lock acquired, deserializing...
[04-Oct-2021 14:27:32 Europe/Rome] Enabled PHP logging
[04-Oct-2021 14:27:32 Europe/Rome] Enabled PHP logging
[04-Oct-2021 14:27:32 Europe/Rome] Enabled PHP logging
[04-Oct-2021 14:27:32 Europe/Rome] Enabled PHP logging
API:            	MadelineProto è pronto!
APIFactory:     	Didn't serialize in a while, doing that now...
[04-Oct-2021 14:27:32 Europe/Rome] Enabled PHP logging
[28-Oct-2021 13:17:19 Europe/Rome] Enabled PHP logging
[28-Oct-2021 13:17:19 Europe/Rome] Enabled PHP logging
Logger:         	MadelineProto
Logger:         	Copyright (C) 2016-2019 Daniil Gentili
Logger:         	Licensed under AGPLv3
Logger:         	https://github.com/danog/MadelineProto
API:            	Waiting for shared lock of serialization lockfile...
API:            	Shared lock acquired, deserializing...
[28-Oct-2021 13:17:19 Europe/Rome] Enabled PHP logging
[28-Oct-2021 13:17:19 Europe/Rome] Enabled PHP logging
[28-Oct-2021 13:17:19 Europe/Rome] Enabled PHP logging
[28-Oct-2021 13:17:19 Europe/Rome] Enabled PHP logging
API:            	MadelineProto è pronto!
APIFactory:     	Didn't serialize in a while, doing that now...
[28-Oct-2021 13:17:19 Europe/Rome] Enabled PHP logging
[28-Oct-2021 13:17:25 Europe/Rome] Enabled PHP logging
[28-Oct-2021 13:17:25 Europe/Rome] Enabled PHP logging
Logger:         	MadelineProto
Logger:         	Copyright (C) 2016-2019 Daniil Gentili
Logger:         	Licensed under AGPLv3
Logger:         	https://github.com/danog/MadelineProto
API:            	Waiting for shared lock of serialization lockfile...
API:            	Shared lock acquired, deserializing...
[28-Oct-2021 13:17:25 Europe/Rome] Enabled PHP logging
[28-Oct-2021 13:17:25 Europe/Rome] Enabled PHP logging
[28-Oct-2021 13:17:26 Europe/Rome] Enabled PHP logging
[28-Oct-2021 13:17:26 Europe/Rome] Enabled PHP logging
API:            	MadelineProto è pronto!
APIFactory:     	Didn't serialize in a while, doing that now...
[28-Oct-2021 13:17:26 Europe/Rome] Enabled PHP logging
[07-Nov-2021 09:40:34 Europe/Rome] Enabled PHP logging
[07-Nov-2021 09:40:34 Europe/Rome] Enabled PHP logging
Logger:         	MadelineProto
Logger:         	Copyright (C) 2016-2019 Daniil Gentili
Logger:         	Licensed under AGPLv3
Logger:         	https://github.com/danog/MadelineProto
API:            	Waiting for shared lock of serialization lockfile...
API:            	Shared lock acquired, deserializing...
[07-Nov-2021 09:40:34 Europe/Rome] Enabled PHP logging
[07-Nov-2021 09:40:34 Europe/Rome] Enabled PHP logging
[07-Nov-2021 09:40:34 Europe/Rome] Enabled PHP logging
[07-Nov-2021 09:40:35 Europe/Rome] Enabled PHP logging
API:            	MadelineProto è pronto!
APIFactory:     	Didn't serialize in a while, doing that now...
[07-Nov-2021 09:40:35 Europe/Rome] Enabled PHP logging
[07-Nov-2021 09:42:49 Europe/Rome] Enabled PHP logging
[07-Nov-2021 09:42:49 Europe/Rome] Enabled PHP logging
Logger:         	MadelineProto
Logger:         	Copyright (C) 2016-2019 Daniil Gentili
Logger:         	Licensed under AGPLv3
Logger:         	https://github.com/danog/MadelineProto
API:            	Waiting for shared lock of serialization lockfile...
API:            	Shared lock acquired, deserializing...
[07-Nov-2021 09:42:49 Europe/Rome] Enabled PHP logging
[07-Nov-2021 09:42:49 Europe/Rome] Enabled PHP logging
[07-Nov-2021 09:42:49 Europe/Rome] Enabled PHP logging
[07-Nov-2021 09:42:49 Europe/Rome] Enabled PHP logging
API:            	MadelineProto è pronto!
APIFactory:     	Didn't serialize in a while, doing that now...
[07-Nov-2021 09:42:49 Europe/Rome] Enabled PHP logging
[08-Nov-2021 12:47:36 Europe/Rome] Enabled PHP logging
[08-Nov-2021 12:47:36 Europe/Rome] Enabled PHP logging
Logger:         	MadelineProto
Logger:         	Copyright (C) 2016-2019 Daniil Gentili
Logger:         	Licensed under AGPLv3
Logger:         	https://github.com/danog/MadelineProto
API:            	Waiting for shared lock of serialization lockfile...
API:            	Shared lock acquired, deserializing...
[08-Nov-2021 12:47:36 Europe/Rome] Enabled PHP logging
[08-Nov-2021 12:47:36 Europe/Rome] Enabled PHP logging
[08-Nov-2021 12:47:36 Europe/Rome] Enabled PHP logging
[08-Nov-2021 12:47:36 Europe/Rome] Enabled PHP logging
API:            	MadelineProto è pronto!
APIFactory:     	Didn't serialize in a while, doing that now...
[08-Nov-2021 12:47:36 Europe/Rome] Enabled PHP logging
[08-Nov-2021 12:48:37 Europe/Rome] Enabled PHP logging
[08-Nov-2021 12:48:37 Europe/Rome] Enabled PHP logging
Logger:         	MadelineProto
Logger:         	Copyright (C) 2016-2019 Daniil Gentili
Logger:         	Licensed under AGPLv3
Logger:         	https://github.com/danog/MadelineProto
API:            	Waiting for shared lock of serialization lockfile...
API:            	Shared lock acquired, deserializing...
[08-Nov-2021 12:48:37 Europe/Rome] Enabled PHP logging
[08-Nov-2021 12:48:37 Europe/Rome] Enabled PHP logging
[08-Nov-2021 12:48:37 Europe/Rome] Enabled PHP logging
[08-Nov-2021 12:48:37 Europe/Rome] Enabled PHP logging
API:            	MadelineProto è pronto!
APIFactory:     	Didn't serialize in a while, doing that now...
[08-Nov-2021 12:48:37 Europe/Rome] Enabled PHP logging
[03-Dec-2021 11:29:04 Europe/Rome] Enabled PHP logging
[03-Dec-2021 11:29:04 Europe/Rome] Enabled PHP logging
Logger:         	MadelineProto
Logger:         	Copyright (C) 2016-2019 Daniil Gentili
Logger:         	Licensed under AGPLv3
Logger:         	https://github.com/danog/MadelineProto
API:            	Waiting for shared lock of serialization lockfile...
API:            	Shared lock acquired, deserializing...
[03-Dec-2021 11:29:04 Europe/Rome] Enabled PHP logging
[03-Dec-2021 11:29:04 Europe/Rome] Enabled PHP logging
[03-Dec-2021 11:29:04 Europe/Rome] Enabled PHP logging
[03-Dec-2021 11:29:04 Europe/Rome] Enabled PHP logging
API:            	MadelineProto è pronto!
APIFactory:     	Didn't serialize in a while, doing that now...
[03-Dec-2021 11:29:04 Europe/Rome] Enabled PHP logging
[03-Dec-2021 11:29:13 Europe/Rome] Enabled PHP logging
[03-Dec-2021 11:29:13 Europe/Rome] Enabled PHP logging
Logger:         	MadelineProto
Logger:         	Copyright (C) 2016-2019 Daniil Gentili
Logger:         	Licensed under AGPLv3
Logger:         	https://github.com/danog/MadelineProto
API:            	Waiting for shared lock of serialization lockfile...
API:            	Shared lock acquired, deserializing...
[03-Dec-2021 11:29:13 Europe/Rome] Enabled PHP logging
[03-Dec-2021 11:29:13 Europe/Rome] Enabled PHP logging
[03-Dec-2021 11:29:13 Europe/Rome] Enabled PHP logging
[03-Dec-2021 11:29:13 Europe/Rome] Enabled PHP logging
API:            	MadelineProto è pronto!
APIFactory:     	Didn't serialize in a while, doing that now...
[03-Dec-2021 11:29:13 Europe/Rome] Enabled PHP logging
